

*******************************************************************************
Tue Sep 24 20:07:30 2019


FIT:    data read from 'Step_1.txt'
        format = z
        #datapoints = 10
        residuals are weighted equally (unit weight)

function used for fitting: f(x)
	f(x) = a*x*x+b*x+c
fitted parameters initialized with current variable values

iter      chisq       delta/lim  lambda   a             b             c            
   0 1.0457426338e+01   0.00e+00  5.84e-01    1.000000e+00   1.000000e+00   1.000000e+00
   5 1.0508052168e-07  -1.51e-01  5.84e-06    3.736178e+00  -6.383723e-03   7.158123e-05

After 5 iterations the fit converged.
final sum of squares of residuals : 1.05081e-07
rel. change during last iteration : -1.51038e-06

degrees of freedom    (FIT_NDF)                        : 7
rms of residuals      (FIT_STDFIT) = sqrt(WSSR/ndf)    : 0.000122521
variance of residuals (reduced chisquare) = WSSR/ndf   : 1.50115e-08

Final set of parameters            Asymptotic Standard Error
=======================            ==========================
a               = 3.73618          +/- 0.002969     (0.07946%)
b               = -0.00638372      +/- 0.001158     (18.15%)
c               = 7.15812e-05      +/- 5.295e-05    (73.97%)

correlation matrix of the fit parameters:
                a      b      c      
a               1.000 
b              -0.962  1.000 
c               0.486 -0.598  1.000 


*******************************************************************************
Tue Sep 24 20:17:31 2019


FIT:    data read from "D_2-h.txt"
        format = z
        #datapoints = 9
        residuals are weighted equally (unit weight)

function used for fitting: f(x)
	f(x) = a*x*x*x*x  + b*x*x*x + c*x*x + d*x +e
fitted parameters initialized with current variable values

iter      chisq       delta/lim  lambda   a             b             c             d             e            
   0 1.1728359930e+01   0.00e+00  4.53e-01    1.000000e+00   1.000000e+00   1.000000e+00   1.000000e+00   1.000000e+00
   8 3.0596350251e-17  -4.32e-04  4.53e-09   -4.146961e-02   1.157024e-04  -8.943260e-06   1.422140e-07   1.104743e-09

After 8 iterations the fit converged.
final sum of squares of residuals : 3.05964e-17
rel. change during last iteration : -4.32004e-09

degrees of freedom    (FIT_NDF)                        : 4
rms of residuals      (FIT_STDFIT) = sqrt(WSSR/ndf)    : 2.7657e-09
variance of residuals (reduced chisquare) = WSSR/ndf   : 7.64909e-18

Final set of parameters            Asymptotic Standard Error
=======================            ==========================
a               = -0.0414696       +/- 2.42e-05     (0.05835%)
b               = 0.000115702      +/- 1.639e-05    (14.17%)
c               = -8.94326e-06     +/- 3.119e-06    (34.87%)
d               = 1.42214e-07      +/- 1.763e-07    (124%)
e               = 1.10474e-09      +/- 1.894e-09    (171.5%)

correlation matrix of the fit parameters:
                a      b      c      d      e      
a               1.000 
b              -0.998  1.000 
c               0.984 -0.993  1.000 
d              -0.911  0.932 -0.968  1.000 
e               0.568 -0.593  0.644 -0.753  1.000 


*******************************************************************************
Tue Sep 24 20:20:58 2019


FIT:    data read from "D_1-h.txt"
        format = z
        #datapoints = 10
        residuals are weighted equally (unit weight)

function used for fitting: f(x)
	f(x) = a*x*x + b*x + c
fitted parameters initialized with current variable values

iter      chisq       delta/lim  lambda   a             b             c            
   0 1.0457426338e+01   0.00e+00  5.84e-01    1.000000e+00   1.000000e+00   1.000000e+00
   5 1.0508052168e-07  -1.51e-01  5.84e-06    3.736178e+00  -6.383723e-03   7.158123e-05

After 5 iterations the fit converged.
final sum of squares of residuals : 1.05081e-07
rel. change during last iteration : -1.51038e-06

degrees of freedom    (FIT_NDF)                        : 7
rms of residuals      (FIT_STDFIT) = sqrt(WSSR/ndf)    : 0.000122521
variance of residuals (reduced chisquare) = WSSR/ndf   : 1.50115e-08

Final set of parameters            Asymptotic Standard Error
=======================            ==========================
a               = 3.73618          +/- 0.002969     (0.07946%)
b               = -0.00638372      +/- 0.001158     (18.15%)
c               = 7.15812e-05      +/- 5.295e-05    (73.97%)

correlation matrix of the fit parameters:
                a      b      c      
a               1.000 
b              -0.962  1.000 
c               0.486 -0.598  1.000 


*******************************************************************************
Tue Sep 24 20:38:09 2019


FIT:    data read from "D_1-h.txt"
        format = z
        #datapoints = 10
        residuals are weighted equally (unit weight)

function used for fitting: g(x)
	g(x) = a*x*x + b*x +c
fitted parameters initialized with current variable values

iter      chisq       delta/lim  lambda   a             b             c            
   0 1.0457426338e+01   0.00e+00  5.84e-01    1.000000e+00   1.000000e+00   1.000000e+00
   5 1.0508052168e-07  -1.51e-01  5.84e-06    3.736178e+00  -6.383723e-03   7.158123e-05

After 5 iterations the fit converged.
final sum of squares of residuals : 1.05081e-07
rel. change during last iteration : -1.51038e-06

degrees of freedom    (FIT_NDF)                        : 7
rms of residuals      (FIT_STDFIT) = sqrt(WSSR/ndf)    : 0.000122521
variance of residuals (reduced chisquare) = WSSR/ndf   : 1.50115e-08

Final set of parameters            Asymptotic Standard Error
=======================            ==========================
a               = 3.73618          +/- 0.002969     (0.07946%)
b               = -0.00638372      +/- 0.001158     (18.15%)
c               = 7.15812e-05      +/- 5.295e-05    (73.97%)

correlation matrix of the fit parameters:
                a      b      c      
a               1.000 
b              -0.962  1.000 
c               0.486 -0.598  1.000 


*******************************************************************************
Tue Sep 24 20:39:55 2019


FIT:    data read from "D_2-h.txt"
        format = z
        #datapoints = 9
        residuals are weighted equally (unit weight)

function used for fitting: g(x)
	g(x) = a*x*x*x*x + b*x*x*x + c*x*x + d*x + e
BREAK: Need via and either parameter list or file

*******************************************************************************
Tue Sep 24 20:40:00 2019


FIT:    data read from "D_2-h.txt"
        format = z
        #datapoints = 9
        residuals are weighted equally (unit weight)

function used for fitting: g(x)
	g(x) = a*x*x*x*x + b*x*x*x + c*x*x + d*x + e
fitted parameters initialized with current variable values

iter      chisq       delta/lim  lambda   a             b             c             d             e            
   0 1.1728359930e+01   0.00e+00  4.53e-01    1.000000e+00   1.000000e+00   1.000000e+00   1.000000e+00   1.000000e+00
   8 3.0596350251e-17  -4.32e-04  4.53e-09   -4.146961e-02   1.157024e-04  -8.943260e-06   1.422140e-07   1.104743e-09

After 8 iterations the fit converged.
final sum of squares of residuals : 3.05964e-17
rel. change during last iteration : -4.32004e-09

degrees of freedom    (FIT_NDF)                        : 4
rms of residuals      (FIT_STDFIT) = sqrt(WSSR/ndf)    : 2.7657e-09
variance of residuals (reduced chisquare) = WSSR/ndf   : 7.64909e-18

Final set of parameters            Asymptotic Standard Error
=======================            ==========================
a               = -0.0414696       +/- 2.42e-05     (0.05835%)
b               = 0.000115702      +/- 1.639e-05    (14.17%)
c               = -8.94326e-06     +/- 3.119e-06    (34.87%)
d               = 1.42214e-07      +/- 1.763e-07    (124%)
e               = 1.10474e-09      +/- 1.894e-09    (171.5%)

correlation matrix of the fit parameters:
                a      b      c      d      e      
a               1.000 
b              -0.998  1.000 
c               0.984 -0.993  1.000 
d              -0.911  0.932 -0.968  1.000 
e               0.568 -0.593  0.644 -0.753  1.000 
